This file contains any messages produced by compilers while
running configure, to aid debugging if configure makes a mistake.

It was created by FULL-PACKAGE-NAME configure VERSION, which was
generated by GNU Autoconf 2.59.  Invocation command line was

  $ ./configure 

## --------- ##
## Platform. ##
## --------- ##

hostname = untitled.scilifelab.se
uname -m = x86_64
uname -r = 13.4.0
uname -s = Darwin
uname -v = Darwin Kernel Version 13.4.0: Wed Mar 18 16:20:14 PDT 2015; root:xnu-2422.115.14~1/RELEASE_X86_64

/usr/bin/uname -p = i386
/bin/uname -X     = unknown

/bin/arch              = unknown
/usr/bin/arch -k       = unknown
/usr/convex/getsysinfo = unknown
hostinfo               = Mach kernel version:
	 Darwin Kernel Version 13.4.0: Wed Mar 18 16:20:14 PDT 2015; root:xnu-2422.115.14~1/RELEASE_X86_64
Kernel configured for up to 4 processors.
2 processors are physically available.
4 processors are logically available.
Processor type: i486 (Intel 80486)
Processors active: 0 1 2 3
Primary memory available: 16.00 gigabytes
Default processor set: 290 tasks, 1458 threads, 4 processors
Load average: 2.59, Mach factor: 1.40
/bin/machine           = unknown
/usr/bin/oslevel       = unknown
/bin/universe          = unknown

PATH: /opt/local/bin
PATH: /opt/local/sbin
PATH: /usr/bin
PATH: /bin
PATH: /usr/sbin
PATH: /sbin
PATH: /usr/local/bin
PATH: /opt/X11/bin
PATH: /usr/local/munki
PATH: /opt/minicom/2.2/bin


## ----------- ##
## Core tests. ##
## ----------- ##

configure:1357: checking for gcc
configure:1373: found /usr/bin/gcc
configure:1383: result: gcc
configure:1627: checking for C compiler version
configure:1630: gcc --version </dev/null >&5
Configured with: --prefix=/Applications/Xcode.app/Contents/Developer/usr --with-gxx-include-dir=/usr/include/c++/4.2.1
Apple LLVM version 6.0 (clang-600.0.57) (based on LLVM 3.5svn)
Target: x86_64-apple-darwin13.4.0
Thread model: posix
configure:1633: $? = 0
configure:1635: gcc -v </dev/null >&5
Configured with: --prefix=/Applications/Xcode.app/Contents/Developer/usr --with-gxx-include-dir=/usr/include/c++/4.2.1
Apple LLVM version 6.0 (clang-600.0.57) (based on LLVM 3.5svn)
Target: x86_64-apple-darwin13.4.0
Thread model: posix
configure:1638: $? = 0
configure:1640: gcc -V </dev/null >&5
clang: error: argument to '-V' is missing (expected 1 value)
clang: error: no input files
configure:1643: $? = 1
configure:1666: checking for C compiler default output file name
configure:1669: gcc    conftest.c  >&5
configure:1672: $? = 0
configure:1718: result: a.out
configure:1723: checking whether the C compiler works
configure:1729: ./a.out
configure:1732: $? = 0
configure:1749: result: yes
configure:1756: checking whether we are cross compiling
configure:1758: result: no
configure:1761: checking for suffix of executables
configure:1763: gcc -o conftest    conftest.c  >&5
configure:1766: $? = 0
configure:1791: result: 
configure:1797: checking for suffix of object files
configure:1818: gcc -c   conftest.c >&5
configure:1821: $? = 0
configure:1843: result: o
configure:1847: checking whether we are using the GNU C compiler
configure:1871: gcc -c   conftest.c >&5
configure:1877: $? = 0
configure:1881: test -z 
			 || test ! -s conftest.err
configure:1884: $? = 0
configure:1887: test -s conftest.o
configure:1890: $? = 0
configure:1903: result: yes
configure:1909: checking whether gcc accepts -g
configure:1930: gcc -c -g  conftest.c >&5
configure:1936: $? = 0
configure:1940: test -z 
			 || test ! -s conftest.err
configure:1943: $? = 0
configure:1946: test -s conftest.o
configure:1949: $? = 0
configure:1960: result: yes
configure:1977: checking for gcc option to accept ANSI C
configure:2047: gcc  -c -g -O2  conftest.c >&5
configure:2053: $? = 0
configure:2057: test -z 
			 || test ! -s conftest.err
configure:2060: $? = 0
configure:2063: test -s conftest.o
configure:2066: $? = 0
configure:2084: result: none needed
configure:2102: gcc -c -g -O2  conftest.c >&5
conftest.c:2:3: error: unknown type name 'choke'
  choke me
  ^
conftest.c:2:11: error: expected ';' after top level declarator
  choke me
          ^
          ;
2 errors generated.
configure:2108: $? = 1
configure: failed program was:
| #ifndef __cplusplus
|   choke me
| #endif
configure:2290: checking build system type
configure:2308: result: x86_64-apple-darwin13.4.0
configure:2316: checking host system type
configure:2330: result: x86_64-apple-darwin13.4.0
configure:2347: checking for library containing initscr
configure:2377: gcc -o conftest -g -O2   conftest.c  >&5
Undefined symbols for architecture x86_64:
  "_initscr", referenced from:
      _main in conftest-372fa5.o
ld: symbol(s) not found for architecture x86_64
clang: error: linker command failed with exit code 1 (use -v to see invocation)
configure:2383: $? = 1
configure: failed program was:
| /* confdefs.h.  */
| 
| #define PACKAGE_NAME "FULL-PACKAGE-NAME"
| #define PACKAGE_TARNAME "full-package-name"
| #define PACKAGE_VERSION "VERSION"
| #define PACKAGE_STRING "FULL-PACKAGE-NAME VERSION"
| #define PACKAGE_BUGREPORT "BUG-REPORT-ADDRESS"
| /* end confdefs.h.  */
| 
| /* Override any gcc2 internal prototype to avoid an error.  */
| #ifdef __cplusplus
| extern "C"
| #endif
| /* We use char because int might match the return type of a gcc2
|    builtin and then its argument prototype would still apply.  */
| char initscr ();
| int
| main ()
| {
| initscr ();
|   ;
|   return 0;
| }
configure:2432: gcc -o conftest -g -O2   conftest.c -lncurses   >&5
configure:2438: $? = 0
configure:2442: test -z 
			 || test ! -s conftest.err
configure:2445: $? = 0
configure:2448: test -s conftest
configure:2451: $? = 0
configure:2466: result: -lncurses
configure:2477: checking for library containing curl_easy_init
configure:2507: gcc -o conftest -g -O2   conftest.c -lncurses  >&5
Undefined symbols for architecture x86_64:
  "_curl_easy_init", referenced from:
      _main in conftest-7f0c9b.o
ld: symbol(s) not found for architecture x86_64
clang: error: linker command failed with exit code 1 (use -v to see invocation)
configure:2513: $? = 1
configure: failed program was:
| /* confdefs.h.  */
| 
| #define PACKAGE_NAME "FULL-PACKAGE-NAME"
| #define PACKAGE_TARNAME "full-package-name"
| #define PACKAGE_VERSION "VERSION"
| #define PACKAGE_STRING "FULL-PACKAGE-NAME VERSION"
| #define PACKAGE_BUGREPORT "BUG-REPORT-ADDRESS"
| /* end confdefs.h.  */
| 
| /* Override any gcc2 internal prototype to avoid an error.  */
| #ifdef __cplusplus
| extern "C"
| #endif
| /* We use char because int might match the return type of a gcc2
|    builtin and then its argument prototype would still apply.  */
| char curl_easy_init ();
| int
| main ()
| {
| curl_easy_init ();
|   ;
|   return 0;
| }
configure:2562: gcc -o conftest -g -O2   conftest.c -lcurl  -lncurses  >&5
configure:2568: $? = 0
configure:2572: test -z 
			 || test ! -s conftest.err
configure:2575: $? = 0
configure:2578: test -s conftest
configure:2581: $? = 0
configure:2596: result: -lcurl
configure:2614: checking how to run the C preprocessor
configure:2649: gcc -E  conftest.c
configure:2655: $? = 0
configure:2687: gcc -E  conftest.c
conftest.c:9:10: fatal error: 'ac_nonexistent.h' file not found
#include <ac_nonexistent.h>
         ^
1 error generated.
configure:2693: $? = 1
configure: failed program was:
| /* confdefs.h.  */
| 
| #define PACKAGE_NAME "FULL-PACKAGE-NAME"
| #define PACKAGE_TARNAME "full-package-name"
| #define PACKAGE_VERSION "VERSION"
| #define PACKAGE_STRING "FULL-PACKAGE-NAME VERSION"
| #define PACKAGE_BUGREPORT "BUG-REPORT-ADDRESS"
| /* end confdefs.h.  */
| #include <ac_nonexistent.h>
configure:2732: result: gcc -E
configure:2756: gcc -E  conftest.c
configure:2762: $? = 0
configure:2794: gcc -E  conftest.c
conftest.c:9:10: fatal error: 'ac_nonexistent.h' file not found
#include <ac_nonexistent.h>
         ^
1 error generated.
configure:2800: $? = 1
configure: failed program was:
| /* confdefs.h.  */
| 
| #define PACKAGE_NAME "FULL-PACKAGE-NAME"
| #define PACKAGE_TARNAME "full-package-name"
| #define PACKAGE_VERSION "VERSION"
| #define PACKAGE_STRING "FULL-PACKAGE-NAME VERSION"
| #define PACKAGE_BUGREPORT "BUG-REPORT-ADDRESS"
| /* end confdefs.h.  */
| #include <ac_nonexistent.h>
configure:2844: checking for egrep
configure:2854: result: grep -E
configure:2859: checking for ANSI C header files
configure:2884: gcc -c -g -O2  conftest.c >&5
configure:2890: $? = 0
configure:2894: test -z 
			 || test ! -s conftest.err
configure:2897: $? = 0
configure:2900: test -s conftest.o
configure:2903: $? = 0
configure:2992: gcc -o conftest -g -O2   conftest.c -lcurl -lncurses  >&5
conftest.c:26:7: warning: implicitly declaring library function 'exit' with type 'void (int) __attribute__((noreturn))'
      exit(2);
      ^
conftest.c:26:7: note: please include the header <stdlib.h> or explicitly provide a declaration for 'exit'
1 warning generated.
configure:2995: $? = 0
configure:2997: ./conftest
configure:3000: $? = 0
configure:3015: result: yes
configure:3039: checking for sys/types.h
configure:3055: gcc -c -g -O2  conftest.c >&5
configure:3061: $? = 0
configure:3065: test -z 
			 || test ! -s conftest.err
configure:3068: $? = 0
configure:3071: test -s conftest.o
configure:3074: $? = 0
configure:3085: result: yes
configure:3039: checking for sys/stat.h
configure:3055: gcc -c -g -O2  conftest.c >&5
configure:3061: $? = 0
configure:3065: test -z 
			 || test ! -s conftest.err
configure:3068: $? = 0
configure:3071: test -s conftest.o
configure:3074: $? = 0
configure:3085: result: yes
configure:3039: checking for stdlib.h
configure:3055: gcc -c -g -O2  conftest.c >&5
configure:3061: $? = 0
configure:3065: test -z 
			 || test ! -s conftest.err
configure:3068: $? = 0
configure:3071: test -s conftest.o
configure:3074: $? = 0
configure:3085: result: yes
configure:3039: checking for string.h
configure:3055: gcc -c -g -O2  conftest.c >&5
configure:3061: $? = 0
configure:3065: test -z 
			 || test ! -s conftest.err
configure:3068: $? = 0
configure:3071: test -s conftest.o
configure:3074: $? = 0
configure:3085: result: yes
configure:3039: checking for memory.h
configure:3055: gcc -c -g -O2  conftest.c >&5
configure:3061: $? = 0
configure:3065: test -z 
			 || test ! -s conftest.err
configure:3068: $? = 0
configure:3071: test -s conftest.o
configure:3074: $? = 0
configure:3085: result: yes
configure:3039: checking for strings.h
configure:3055: gcc -c -g -O2  conftest.c >&5
configure:3061: $? = 0
configure:3065: test -z 
			 || test ! -s conftest.err
configure:3068: $? = 0
configure:3071: test -s conftest.o
configure:3074: $? = 0
configure:3085: result: yes
configure:3039: checking for inttypes.h
configure:3055: gcc -c -g -O2  conftest.c >&5
configure:3061: $? = 0
configure:3065: test -z 
			 || test ! -s conftest.err
configure:3068: $? = 0
configure:3071: test -s conftest.o
configure:3074: $? = 0
configure:3085: result: yes
configure:3039: checking for stdint.h
configure:3055: gcc -c -g -O2  conftest.c >&5
configure:3061: $? = 0
configure:3065: test -z 
			 || test ! -s conftest.err
configure:3068: $? = 0
configure:3071: test -s conftest.o
configure:3074: $? = 0
configure:3085: result: yes
configure:3039: checking for unistd.h
configure:3055: gcc -c -g -O2  conftest.c >&5
configure:3061: $? = 0
configure:3065: test -z 
			 || test ! -s conftest.err
configure:3068: $? = 0
configure:3071: test -s conftest.o
configure:3074: $? = 0
configure:3085: result: yes
configure:3114: checking fcntl.h usability
configure:3126: gcc -c -g -O2  conftest.c >&5
configure:3132: $? = 0
configure:3136: test -z 
			 || test ! -s conftest.err
configure:3139: $? = 0
configure:3142: test -s conftest.o
configure:3145: $? = 0
configure:3155: result: yes
configure:3159: checking fcntl.h presence
configure:3169: gcc -E  conftest.c
configure:3175: $? = 0
configure:3195: result: yes
configure:3230: checking for fcntl.h
configure:3237: result: yes
configure:3105: checking for stdlib.h
configure:3110: result: yes
configure:3105: checking for string.h
configure:3110: result: yes
configure:3105: checking for unistd.h
configure:3110: result: yes
configure:3268: checking curl/curl.h usability
configure:3280: gcc -c -g -O2  conftest.c >&5
configure:3286: $? = 0
configure:3290: test -z 
			 || test ! -s conftest.err
configure:3293: $? = 0
configure:3296: test -s conftest.o
configure:3299: $? = 0
configure:3309: result: yes
configure:3313: checking curl/curl.h presence
configure:3323: gcc -E  conftest.c
configure:3329: $? = 0
configure:3349: result: yes
configure:3384: checking for curl/curl.h
configure:3391: result: yes
configure:3410: checking for an ANSI C-conforming const
configure:3477: gcc -c -g -O2  conftest.c >&5
configure:3483: $? = 0
configure:3487: test -z 
			 || test ! -s conftest.err
configure:3490: $? = 0
configure:3493: test -s conftest.o
configure:3496: $? = 0
configure:3507: result: yes
configure:3517: checking for size_t
configure:3541: gcc -c -g -O2  conftest.c >&5
configure:3547: $? = 0
configure:3551: test -z 
			 || test ! -s conftest.err
configure:3554: $? = 0
configure:3557: test -s conftest.o
configure:3560: $? = 0
configure:3571: result: yes
configure:3583: checking for stdbool.h that conforms to C99
configure:3636: gcc -c -g -O2  conftest.c >&5
configure:3642: $? = 0
configure:3646: test -z 
			 || test ! -s conftest.err
configure:3649: $? = 0
configure:3652: test -s conftest.o
configure:3655: $? = 0
configure:3666: result: yes
configure:3668: checking for _Bool
configure:3692: gcc -c -g -O2  conftest.c >&5
configure:3698: $? = 0
configure:3702: test -z 
			 || test ! -s conftest.err
configure:3705: $? = 0
configure:3708: test -s conftest.o
configure:3711: $? = 0
configure:3722: result: yes
configure:3748: checking for stdlib.h
configure:3753: result: yes
configure:3893: checking for GNU libc compatible malloc
configure:3922: gcc -o conftest -g -O2   conftest.c -lcurl -lncurses  >&5
configure:3925: $? = 0
configure:3927: ./conftest
configure:3930: $? = 0
configure:3944: result: yes
configure:3979: checking for memset
configure:4036: gcc -o conftest -g -O2   conftest.c -lcurl -lncurses  >&5
conftest.c:52:6: warning: incompatible redeclaration of library function 'memset' [-Wincompatible-library-redeclaration]
char memset ();
     ^
conftest.c:52:6: note: 'memset' is a builtin with type 'void *(void *, int, unsigned long)'
1 warning generated.
configure:4042: $? = 0
configure:4046: test -z 
			 || test ! -s conftest.err
configure:4049: $? = 0
configure:4052: test -s conftest
configure:4055: $? = 0
configure:4067: result: yes
configure:3979: checking for regcomp
configure:4036: gcc -o conftest -g -O2   conftest.c -lcurl -lncurses  >&5
configure:4042: $? = 0
configure:4046: test -z 
			 || test ! -s conftest.err
configure:4049: $? = 0
configure:4052: test -s conftest
configure:4055: $? = 0
configure:4067: result: yes
configure:4176: creating ./config.status

## ---------------------- ##
## Running config.status. ##
## ---------------------- ##

This file was extended by FULL-PACKAGE-NAME config.status VERSION, which was
generated by GNU Autoconf 2.59.  Invocation command line was

  CONFIG_FILES    = 
  CONFIG_HEADERS  = 
  CONFIG_LINKS    = 
  CONFIG_COMMANDS = 
  $ ./config.status 

on untitled.scilifelab.se

config.status:649: creating Makefile
config.status:752: creating config.h

## ---------------- ##
## Cache variables. ##
## ---------------- ##

ac_cv_build=x86_64-apple-darwin13.4.0
ac_cv_build_alias=x86_64-apple-darwin13.4.0
ac_cv_c_compiler_gnu=yes
ac_cv_c_const=yes
ac_cv_env_CC_set=
ac_cv_env_CC_value=
ac_cv_env_CFLAGS_set=
ac_cv_env_CFLAGS_value=
ac_cv_env_CPPFLAGS_set=
ac_cv_env_CPPFLAGS_value=
ac_cv_env_CPP_set=
ac_cv_env_CPP_value=
ac_cv_env_LDFLAGS_set=
ac_cv_env_LDFLAGS_value=
ac_cv_env_build_alias_set=
ac_cv_env_build_alias_value=
ac_cv_env_host_alias_set=
ac_cv_env_host_alias_value=
ac_cv_env_target_alias_set=
ac_cv_env_target_alias_value=
ac_cv_exeext=
ac_cv_func_malloc_0_nonnull=yes
ac_cv_func_memset=yes
ac_cv_func_regcomp=yes
ac_cv_header_curl_curl_h=yes
ac_cv_header_fcntl_h=yes
ac_cv_header_inttypes_h=yes
ac_cv_header_memory_h=yes
ac_cv_header_stdbool_h=yes
ac_cv_header_stdc=yes
ac_cv_header_stdint_h=yes
ac_cv_header_stdlib_h=yes
ac_cv_header_string_h=yes
ac_cv_header_strings_h=yes
ac_cv_header_sys_stat_h=yes
ac_cv_header_sys_types_h=yes
ac_cv_header_unistd_h=yes
ac_cv_host=x86_64-apple-darwin13.4.0
ac_cv_host_alias=x86_64-apple-darwin13.4.0
ac_cv_objext=o
ac_cv_prog_CPP='gcc -E'
ac_cv_prog_ac_ct_CC=gcc
ac_cv_prog_cc_g=yes
ac_cv_prog_cc_stdc=
ac_cv_prog_egrep='grep -E'
ac_cv_search_curl_easy_init=-lcurl
ac_cv_search_initscr=-lncurses
ac_cv_type__Bool=yes
ac_cv_type_size_t=yes

## ----------------- ##
## Output variables. ##
## ----------------- ##

CC='gcc'
CFLAGS='-g -O2'
CPP='gcc -E'
CPPFLAGS=''
DEFS='-DHAVE_CONFIG_H'
ECHO_C='ECHO_N=''
ECHO_T=''
EGREP='grep -E'
EXEEXT=''
LDFLAGS=''
LIBOBJS=''
LIBS='-lcurl -lncurses '
LTLIBOBJS=''
OBJEXT='o'
PACKAGE_BUGREPORT='BUG-REPORT-ADDRESS'
PACKAGE_NAME='FULL-PACKAGE-NAME'
PACKAGE_STRING='FULL-PACKAGE-NAME VERSION'
PACKAGE_TARNAME='full-package-name'
PACKAGE_VERSION='VERSION'
PATH_SEPARATOR=':'
SHELL='/bin/sh'
ac_ct_CC='gcc'
bindir='${exec_prefix}/bin'
build='x86_64-apple-darwin13.4.0'
build_alias=''
build_cpu='x86_64'
build_os='darwin13.4.0'
build_vendor='apple'
datadir='${prefix}/share'
exec_prefix='${prefix}'
host='x86_64-apple-darwin13.4.0'
host_alias=''
host_cpu='x86_64'
host_os='darwin13.4.0'
host_vendor='apple'
includedir='${prefix}/include'
infodir='${prefix}/info'
libdir='${exec_prefix}/lib'
libexecdir='${exec_prefix}/libexec'
localstatedir='${prefix}/var'
mandir='${prefix}/man'
oldincludedir='/usr/include'
prefix='/usr/local'
program_transform_name='s,x,x,'
sbindir='${exec_prefix}/sbin'
sharedstatedir='${prefix}/com'
sysconfdir='${prefix}/etc'
target_alias=''

## ----------- ##
## confdefs.h. ##
## ----------- ##

#define HAVE_CURL_CURL_H 1
#define HAVE_FCNTL_H 1
#define HAVE_INTTYPES_H 1
#define HAVE_MALLOC 1
#define HAVE_MEMORY_H 1
#define HAVE_MEMSET 1
#define HAVE_REGCOMP 1
#define HAVE_STDBOOL_H 1
#define HAVE_STDINT_H 1
#define HAVE_STDLIB_H 1
#define HAVE_STDLIB_H 1
#define HAVE_STDLIB_H 1
#define HAVE_STRINGS_H 1
#define HAVE_STRING_H 1
#define HAVE_STRING_H 1
#define HAVE_SYS_STAT_H 1
#define HAVE_SYS_TYPES_H 1
#define HAVE_UNISTD_H 1
#define HAVE_UNISTD_H 1
#define HAVE__BOOL 1
#define PACKAGE_BUGREPORT "BUG-REPORT-ADDRESS"
#define PACKAGE_NAME "FULL-PACKAGE-NAME"
#define PACKAGE_STRING "FULL-PACKAGE-NAME VERSION"
#define PACKAGE_TARNAME "full-package-name"
#define PACKAGE_VERSION "VERSION"
#define STDC_HEADERS 1

configure: exit 0
